<?xml version="1.0" encoding="UTF-8"?>
<!-- Generated by org.testng.reporters.JUnitXMLReporter -->
<testsuite hostname="DESKTOP-UKUGQ41" ignored="0" name="Testng test 1" tests="9" failures="0" timestamp="23 May 2018 18:37:53 GMT" time="15.18" errors="0">
  <testcase name="Inb" time="0.017" classname="com.test.InvocationCountTest"/>
  <testcase name="Inb" time="0.002" classname="com.test.InvocationCountTest"/>
  <testcase name="Inb" time="0.001" classname="com.test.InvocationCountTest"/>
  <testcase name="Inb" time="0.001" classname="com.test.InvocationCountTest"/>
  <testcase name="Inb" time="0.002" classname="com.test.InvocationCountTest"/>
  <testcase name="Inb" time="0.001" classname="com.test.InvocationCountTest"/>
  <testcase name="Inb" time="0.001" classname="com.test.InvocationCountTest"/>
  <testcase name="Googletitletest" time="0.121" classname="com.test.Googletest"/>
  <testcase name="GooglelogoTest" time="0.308" classname="com.test.Googletest"/>
</testsuite> <!-- Testng test 1 -->
